<?xml version="1.0" encoding="UTF-8"?>
<!-- Generated by org.testng.reporters.JUnitReportReporter -->
<testsuite hostname="DESKTOP-VU1F7B6" failures="0" tests="1" name="nopecmmerce.Nop1" time="6.243" errors="0" timestamp="2023-03-16T23:48:07 IST" skipped="0">
  <testcase classname="nopecmmerce.Nop1" name="login" time="6.243"/>
  <system-out/>
</testsuite> <!-- nopecmmerce.Nop1 -->
